[2026-03-08 09:00:01] INFO uvicorn Application startup complete
[2026-03-08 09:00:05] INFO app.main GET /health 200
[2026-03-08 09:00:10] ERROR app.api.users Failed to fetch user profile: user_id=a3f8e2b1-4c5d-4e6f-8a9b-1c2d3e4f5a6b
Traceback (most recent call last):
  File "/app/api/users.py", line 34, in get_user
    user = await db.get(User, user_id)
  File "/app/db/session.py", line 12, in get
    result = await self.execute(select(model).where(model.id == pk))
sqlalchemy.exc.OperationalError: (sqlite3.OperationalError) database is locked
[2026-03-08 09:00:12] WARNING app.middleware Request took 5234ms: POST /api/reports/generate
[2026-03-08 09:00:15] ERROR app.api.users Failed to fetch user profile: user_id=7b2c3d4e-5f6a-4b8c-9d0e-1f2a3b4c5d6e
Traceback (most recent call last):
  File "/app/api/users.py", line 34, in get_user
    user = await db.get(User, user_id)
  File "/app/db/session.py", line 12, in get
    result = await self.execute(select(model).where(model.id == pk))
sqlalchemy.exc.OperationalError: (sqlite3.OperationalError) database is locked
[2026-03-08 09:00:18] ERROR app.tasks.email Failed to send email to user@example.com: ConnectionRefusedError
[2026-03-08 09:00:20] ERROR app.tasks.email Failed to send email to admin@company.org: ConnectionRefusedError
[2026-03-08 09:00:22] WARNING app.middleware Request took 8102ms: POST /api/reports/export
[2026-03-08 09:00:25] ERROR app.api.auth Authentication failed for token abc123def456abc123def456abc123de
[2026-03-08 09:00:28] INFO app.main GET /api/products 200
[2026-03-08 09:00:30] ERROR app.tasks.email Failed to send email to test@domain.io: ConnectionRefusedError
[2026-03-08 09:00:32] WARNING app.middleware Request took 4521ms: GET /api/dashboard
[2026-03-08 09:00:35] ERROR app.api.payments Timeout while calling payment provider for order 14523
[2026-03-08 09:00:37] ERROR app.api.payments Timeout while calling payment provider for order 14891
[2026-03-08 09:00:40] ERROR app.api.payments Timeout while calling payment provider for order 15002
